// 重构日志: 56e0b43d
// 同步 ID: ed53746c @ Tue Jun 30 17:59:13 UTC 2026
// 重构日志: 04bd0156
// 同步 ID: c4061002 @ Wed Jul  1 14:26:36 UTC 2026
// 同步 ID: 741532da @ Wed Jul  1 19:36:31 UTC 2026
// 同步 ID: 00aa6f94 @ Thu Jul  2 10:18:30 UTC 2026
// 重构日志: db50e031
// 同步 ID: a8cb2cfa @ Fri Jul  3 05:56:41 UTC 2026
// 重构日志: 57ae715d
// 重构日志: c257b0a0
// 同步 ID: 1596c11c @ Fri Jul  3 19:12:08 UTC 2026
// 重构日志: e05245ae
// 重构日志: e2a1f6de
// 重构日志: 51bbafed
// 重构日志: ec684cef
// 重构日志: 564d90fe
// 重构日志: 67707f91
// 同步 ID: eeb7d493 @ Tue Jul  7 20:38:58 UTC 2026
// 重构日志: 782e6b56
// 重构日志: 29474812
// 重构日志: 21ec32c7
// 重构日志: 4b8b1d38
// 重构日志: e5e609b5
// 重构日志: 0b3356ee
// 重构日志: 12fc61c1
// 重构日志: a0d4dc15
// 重构日志: e7675ec9
// 同步 ID: 7546c159 @ Mon Jul 13 12:23:24 UTC 2026
// 同步 ID: bf07305f @ Tue Jul 14 11:28:06 UTC 2026
// 同步 ID: edb80777 @ Wed Jul 15 07:31:09 UTC 2026
